<?xml version="1.0" encoding="UTF-8"?>
<!-- Generated by org.testng.reporters.JUnitXMLReporter -->
<testsuite ignored="0" hostname="WINCTRL-5252KA3" failures="1" tests="2" name="Default test" time="112.38" errors="0" timestamp="2023-08-11T17:25:39 IST">
  <testcase classname="io.cucumber.testng.AbstractTestNGCucumberTests" name="runScenario" time="0.881">
    <failure type="java.lang.NullPointerException" message="Cannot invoke &amp;quot;org.openqa.selenium.WebDriver.findElement(org.openqa.selenium.By)&amp;quot; because &amp;quot;pagespackage.Createpagexpaths.driver&amp;quot; is null">
      <![CDATA[java.lang.NullPointerException: Cannot invoke "org.openqa.selenium.WebDriver.findElement(org.openqa.selenium.By)" because "pagespackage.Createpagexpaths.driver" is null
at pagespackage.Createpagexpaths.createproject(Createpagexpaths.java:15)
at stepdefinationpackage.CreateprojectSPM.user_click_on_createproject_button(CreateprojectSPM.java:11)
at ✽.User click on createproject button(file:///C:/Users/user/eclipse-workspace1/bddcucumber/feature/createproject.feature:6)
]]>
    </failure>
  </testcase> <!-- runScenario -->
  <testcase classname="io.cucumber.testng.AbstractTestNGCucumberTests" name="runScenario" time="97.877"/>
</testsuite> <!-- Default test -->
