<?xml version="1.0" encoding="UTF-8"?>
<testng-results ignored="0" total="2" passed="1" failed="1" skipped="0">
  <reporter-output>
  </reporter-output>
  <suite started-at="2023-08-11T17:23:46 IST" name="Default suite" finished-at="2023-08-11T17:25:38 IST" duration-ms="112380">
    <groups>
      <group name="cucumber">
        <method signature="AbstractTestNGCucumberTests.runScenario(io.cucumber.testng.PickleWrapper,io.cucumber.testng.FeatureWrapper)[pri:0, instance:bddcucumber.TestRunner@239a307b]" name="runScenario" class="io.cucumber.testng.AbstractTestNGCucumberTests"/>
      </group> <!-- cucumber -->
    </groups>
    <test started-at="2023-08-11T17:23:46 IST" name="Default test" finished-at="2023-08-11T17:25:38 IST" duration-ms="112380">
      <class name="bddcucumber.TestRunner">
        <test-method is-config="true" signature="setUpClass(org.testng.ITestContext)[pri:0, instance:bddcucumber.TestRunner@239a307b]" started-at="2023-08-11T17:23:46 IST" name="setUpClass" finished-at="2023-08-11T17:23:49 IST" duration-ms="3345" status="PASS">
          <params>
            <param index="0">
              <value>
                <![CDATA[org.testng.TestRunner@1a785fd5]]>
              </value>
            </param>
          </params>
          <reporter-output>
          </reporter-output>
        </test-method> <!-- setUpClass -->
        <test-method signature="runScenario(io.cucumber.testng.PickleWrapper,io.cucumber.testng.FeatureWrapper)[pri:0, instance:bddcucumber.TestRunner@239a307b]" started-at="2023-08-11T17:23:49 IST" name="runScenario" description="Runs Cucumber Scenarios" data-provider="scenarios" finished-at="2023-08-11T17:23:50 IST" duration-ms="881" status="FAIL">
          <params>
            <param index="0">
              <value>
                <![CDATA["User should be able to cerate project"]]>
              </value>
            </param>
            <param index="1">
              <value>
                <![CDATA["Create project feature file for test case"]]>
              </value>
            </param>
          </params>
          <exception class="java.lang.NullPointerException">
            <message>
              <![CDATA[Cannot invoke "org.openqa.selenium.WebDriver.findElement(org.openqa.selenium.By)" because "pagespackage.Createpagexpaths.driver" is null]]>
            </message>
            <full-stacktrace>
              <![CDATA[java.lang.NullPointerException: Cannot invoke "org.openqa.selenium.WebDriver.findElement(org.openqa.selenium.By)" because "pagespackage.Createpagexpaths.driver" is null
at pagespackage.Createpagexpaths.createproject(Createpagexpaths.java:15)
at stepdefinationpackage.CreateprojectSPM.user_click_on_createproject_button(CreateprojectSPM.java:11)
at ✽.User click on createproject button(file:///C:/Users/user/eclipse-workspace1/bddcucumber/feature/createproject.feature:6)
]]>
            </full-stacktrace>
          </exception> <!-- java.lang.NullPointerException -->
          <reporter-output>
          </reporter-output>
        </test-method> <!-- runScenario -->
        <test-method signature="runScenario(io.cucumber.testng.PickleWrapper,io.cucumber.testng.FeatureWrapper)[pri:0, instance:bddcucumber.TestRunner@239a307b]" started-at="2023-08-11T17:23:50 IST" name="runScenario" description="Runs Cucumber Scenarios" data-provider="scenarios" finished-at="2023-08-11T17:25:28 IST" duration-ms="97877" status="PASS">
          <params>
            <param index="0">
              <value>
                <![CDATA["User should be able to login to the application"]]>
              </value>
            </param>
            <param index="1">
              <value>
                <![CDATA["Login feature file for test case"]]>
              </value>
            </param>
          </params>
          <reporter-output>
          </reporter-output>
        </test-method> <!-- runScenario -->
        <test-method is-config="true" signature="tearDownClass()[pri:0, instance:bddcucumber.TestRunner@239a307b]" started-at="2023-08-11T17:25:28 IST" name="tearDownClass" finished-at="2023-08-11T17:25:38 IST" duration-ms="10142" status="PASS">
          <reporter-output>
          </reporter-output>
        </test-method> <!-- tearDownClass -->
      </class> <!-- bddcucumber.TestRunner -->
    </test> <!-- Default test -->
  </suite> <!-- Default suite -->
</testng-results>
